<?xml version="1.0" encoding="UTF-8"?>
<testng-results skipped="0" failed="0" total="1" passed="1">
  <reporter-output>
  </reporter-output>
  <suite name="Default suite" duration-ms="7791" started-at="2015-07-23T09:58:13Z" finished-at="2015-07-23T09:58:21Z">
    <groups>
    </groups>
    <test name="Default test" duration-ms="7791" started-at="2015-07-23T09:58:13Z" finished-at="2015-07-23T09:58:21Z">
      <class name="secondTest.ExistingUserCheckout">
        <test-method status="PASS" signature="NewUserCheckout()[pri:0, instance:secondTest.ExistingUserCheckout@7674f035]" name="NewUserCheckout" duration-ms="7781" started-at="2015-07-23T10:58:13Z" finished-at="2015-07-23T10:58:21Z">
          <reporter-output>
          </reporter-output>
        </test-method> <!-- NewUserCheckout -->
      </class> <!-- secondTest.ExistingUserCheckout -->
    </test> <!-- Default test -->
  </suite> <!-- Default suite -->
</testng-results>
